<?xml version="1.0" encoding="UTF-8"?>
<testng-results ignored="0" total="1" passed="0" failed="0" skipped="1">
  <reporter-output>
  </reporter-output>
  <suite started-at="2023-07-03T17:22:47 IST" name="Suite" finished-at="2023-07-03T17:22:47 IST" duration-ms="52">
    <groups>
    </groups>
    <test started-at="2023-07-03T17:22:47 IST" name="Test" finished-at="2023-07-03T17:22:47 IST" duration-ms="52">
      <class name="com.guidejuniorLive.guideJuniorsTest.StudentLogin">
        <test-method is-config="true" signature="setup()[pri:0, instance:com.guidejuniorLive.guideJuniorsTest.StudentLogin@550dbc7a]" started-at="2023-07-03T17:22:24 IST" name="setup" finished-at="2023-07-03T17:22:47 IST" duration-ms="23724" status="FAIL">
          <exception class="org.openqa.selenium.SessionNotCreatedException">
            <message>
              <![CDATA[Could not start a new session. Response code 500. Message: An unknown server-side error occurred while processing the command. Original error: Could not find a connected Android device in 20093ms. 
Host info: host: 'XSC-10286', ip: '192.168.1.102'
Build info: version: '4.10.0', revision: 'c14d967899'
System info: os.name: 'Windows 10', os.arch: 'amd64', os.version: '10.0', java.version: '17.0.7'
Driver info: io.appium.java_client.AppiumDriver
Command: [null, newSession {capabilities=[{appium:appActivity=com.guidejunior.ui.router.RouterActivity, appium:appPackage=com.guidejunior, appium:deviceName=D2502, platformName=ANDROID, appium:platformVersion=5.1.1, appium:udid=YT910XK7FL}], desiredCapabilities=Capabilities {appActivity: com.guidejunior.ui.router.R..., appPackage: com.guidejunior, deviceName: D2502, platformName: ANDROID, platformVersion: 5.1.1, udid: YT910XK7FL}}]
Capabilities {appActivity: com.guidejunior.ui.router.R..., appPackage: com.guidejunior, deviceName: D2502, platformName: ANDROID, platformVersion: 5.1.1, udid: YT910XK7FL}]]>
            </message>
            <full-stacktrace>
              <![CDATA[org.openqa.selenium.SessionNotCreatedException: Could not start a new session. Response code 500. Message: An unknown server-side error occurred while processing the command. Original error: Could not find a connected Android device in 20093ms. 
Host info: host: 'XSC-10286', ip: '192.168.1.102'
Build info: version: '4.10.0', revision: 'c14d967899'
System info: os.name: 'Windows 10', os.arch: 'amd64', os.version: '10.0', java.version: '17.0.7'
Driver info: io.appium.java_client.AppiumDriver
Command: [null, newSession {capabilities=[{appium:appActivity=com.guidejunior.ui.router.RouterActivity, appium:appPackage=com.guidejunior, appium:deviceName=D2502, platformName=ANDROID, appium:platformVersion=5.1.1, appium:udid=YT910XK7FL}], desiredCapabilities=Capabilities {appActivity: com.guidejunior.ui.router.R..., appPackage: com.guidejunior, deviceName: D2502, platformName: ANDROID, platformVersion: 5.1.1, udid: YT910XK7FL}}]
Capabilities {appActivity: com.guidejunior.ui.router.R..., appPackage: com.guidejunior, deviceName: D2502, platformName: ANDROID, platformVersion: 5.1.1, udid: YT910XK7FL}
at org.openqa.selenium.remote.ProtocolHandshake.createSession(ProtocolHandshake.java:140)
at java.base/jdk.internal.reflect.NativeMethodAccessorImpl.invoke0(Native Method)
at java.base/jdk.internal.reflect.NativeMethodAccessorImpl.invoke(NativeMethodAccessorImpl.java:77)
at java.base/jdk.internal.reflect.DelegatingMethodAccessorImpl.invoke(DelegatingMethodAccessorImpl.java:43)
at java.base/java.lang.reflect.Method.invoke(Method.java:568)
at io.appium.java_client.remote.AppiumProtocolHandshake.createSession(AppiumProtocolHandshake.java:133)
at io.appium.java_client.remote.AppiumProtocolHandshake.createSession(AppiumProtocolHandshake.java:102)
at io.appium.java_client.remote.AppiumCommandExecutor.createSession(AppiumCommandExecutor.java:182)
at io.appium.java_client.remote.AppiumCommandExecutor.execute(AppiumCommandExecutor.java:250)
at org.openqa.selenium.remote.RemoteWebDriver.execute(RemoteWebDriver.java:531)
at io.appium.java_client.AppiumDriver.startSession(AppiumDriver.java:274)
at org.openqa.selenium.remote.RemoteWebDriver.<init>(RemoteWebDriver.java:154)
at io.appium.java_client.AppiumDriver.<init>(AppiumDriver.java:89)
at io.appium.java_client.AppiumDriver.<init>(AppiumDriver.java:101)
at com.guidejuniorLive.guideJuniorsTest.BaseClass.setup(BaseClass.java:42)
at java.base/jdk.internal.reflect.NativeMethodAccessorImpl.invoke0(Native Method)
at java.base/jdk.internal.reflect.NativeMethodAccessorImpl.invoke(NativeMethodAccessorImpl.java:77)
at java.base/jdk.internal.reflect.DelegatingMethodAccessorImpl.invoke(DelegatingMethodAccessorImpl.java:43)
at java.base/java.lang.reflect.Method.invoke(Method.java:568)
at org.testng.internal.MethodInvocationHelper.invokeMethod(MethodInvocationHelper.java:133)
at org.testng.internal.MethodInvocationHelper.invokeMethodConsideringTimeout(MethodInvocationHelper.java:62)
at org.testng.internal.ConfigInvoker.invokeConfigurationMethod(ConfigInvoker.java:385)
at org.testng.internal.ConfigInvoker.invokeConfigurations(ConfigInvoker.java:321)
at org.testng.SuiteRunner.privateRun(SuiteRunner.java:317)
at org.testng.SuiteRunner.run(SuiteRunner.java:276)
at org.testng.SuiteRunnerWorker.runSuite(SuiteRunnerWorker.java:53)
at org.testng.SuiteRunnerWorker.run(SuiteRunnerWorker.java:96)
at org.testng.TestNG.runSuitesSequentially(TestNG.java:1212)
at org.testng.TestNG.runSuitesLocally(TestNG.java:1134)
at org.testng.TestNG.runSuites(TestNG.java:1063)
at org.testng.TestNG.run(TestNG.java:1031)
at org.testng.remote.AbstractRemoteTestNG.run(AbstractRemoteTestNG.java:115)
at org.testng.remote.RemoteTestNG.initAndRun(RemoteTestNG.java:251)
at org.testng.remote.RemoteTestNG.main(RemoteTestNG.java:77)
]]>
            </full-stacktrace>
          </exception> <!-- org.openqa.selenium.SessionNotCreatedException -->
          <reporter-output>
          </reporter-output>
        </test-method> <!-- setup -->
        <test-method signature="dashboard()[pri:1, instance:com.guidejuniorLive.guideJuniorsTest.StudentLogin@550dbc7a]" started-at="2023-07-03T17:22:47 IST" name="dashboard" finished-at="2023-07-03T17:22:47 IST" duration-ms="0" status="SKIP">
          <exception class="org.openqa.selenium.SessionNotCreatedException">
            <message>
              <![CDATA[Could not start a new session. Response code 500. Message: An unknown server-side error occurred while processing the command. Original error: Could not find a connected Android device in 20093ms. 
Host info: host: 'XSC-10286', ip: '192.168.1.102'
Build info: version: '4.10.0', revision: 'c14d967899'
System info: os.name: 'Windows 10', os.arch: 'amd64', os.version: '10.0', java.version: '17.0.7'
Driver info: io.appium.java_client.AppiumDriver
Command: [null, newSession {capabilities=[{appium:appActivity=com.guidejunior.ui.router.RouterActivity, appium:appPackage=com.guidejunior, appium:deviceName=D2502, platformName=ANDROID, appium:platformVersion=5.1.1, appium:udid=YT910XK7FL}], desiredCapabilities=Capabilities {appActivity: com.guidejunior.ui.router.R..., appPackage: com.guidejunior, deviceName: D2502, platformName: ANDROID, platformVersion: 5.1.1, udid: YT910XK7FL}}]
Capabilities {appActivity: com.guidejunior.ui.router.R..., appPackage: com.guidejunior, deviceName: D2502, platformName: ANDROID, platformVersion: 5.1.1, udid: YT910XK7FL}]]>
            </message>
            <full-stacktrace>
              <![CDATA[org.openqa.selenium.SessionNotCreatedException: Could not start a new session. Response code 500. Message: An unknown server-side error occurred while processing the command. Original error: Could not find a connected Android device in 20093ms. 
Host info: host: 'XSC-10286', ip: '192.168.1.102'
Build info: version: '4.10.0', revision: 'c14d967899'
System info: os.name: 'Windows 10', os.arch: 'amd64', os.version: '10.0', java.version: '17.0.7'
Driver info: io.appium.java_client.AppiumDriver
Command: [null, newSession {capabilities=[{appium:appActivity=com.guidejunior.ui.router.RouterActivity, appium:appPackage=com.guidejunior, appium:deviceName=D2502, platformName=ANDROID, appium:platformVersion=5.1.1, appium:udid=YT910XK7FL}], desiredCapabilities=Capabilities {appActivity: com.guidejunior.ui.router.R..., appPackage: com.guidejunior, deviceName: D2502, platformName: ANDROID, platformVersion: 5.1.1, udid: YT910XK7FL}}]
Capabilities {appActivity: com.guidejunior.ui.router.R..., appPackage: com.guidejunior, deviceName: D2502, platformName: ANDROID, platformVersion: 5.1.1, udid: YT910XK7FL}
at org.openqa.selenium.remote.ProtocolHandshake.createSession(ProtocolHandshake.java:140)
at java.base/jdk.internal.reflect.NativeMethodAccessorImpl.invoke0(Native Method)
at java.base/jdk.internal.reflect.NativeMethodAccessorImpl.invoke(NativeMethodAccessorImpl.java:77)
at java.base/jdk.internal.reflect.DelegatingMethodAccessorImpl.invoke(DelegatingMethodAccessorImpl.java:43)
at java.base/java.lang.reflect.Method.invoke(Method.java:568)
at io.appium.java_client.remote.AppiumProtocolHandshake.createSession(AppiumProtocolHandshake.java:133)
at io.appium.java_client.remote.AppiumProtocolHandshake.createSession(AppiumProtocolHandshake.java:102)
at io.appium.java_client.remote.AppiumCommandExecutor.createSession(AppiumCommandExecutor.java:182)
at io.appium.java_client.remote.AppiumCommandExecutor.execute(AppiumCommandExecutor.java:250)
at org.openqa.selenium.remote.RemoteWebDriver.execute(RemoteWebDriver.java:531)
at io.appium.java_client.AppiumDriver.startSession(AppiumDriver.java:274)
at org.openqa.selenium.remote.RemoteWebDriver.<init>(RemoteWebDriver.java:154)
at io.appium.java_client.AppiumDriver.<init>(AppiumDriver.java:89)
at io.appium.java_client.AppiumDriver.<init>(AppiumDriver.java:101)
at com.guidejuniorLive.guideJuniorsTest.BaseClass.setup(BaseClass.java:42)
at java.base/jdk.internal.reflect.NativeMethodAccessorImpl.invoke0(Native Method)
at java.base/jdk.internal.reflect.NativeMethodAccessorImpl.invoke(NativeMethodAccessorImpl.java:77)
at java.base/jdk.internal.reflect.DelegatingMethodAccessorImpl.invoke(DelegatingMethodAccessorImpl.java:43)
at java.base/java.lang.reflect.Method.invoke(Method.java:568)
at org.testng.internal.MethodInvocationHelper.invokeMethod(MethodInvocationHelper.java:133)
at org.testng.internal.MethodInvocationHelper.invokeMethodConsideringTimeout(MethodInvocationHelper.java:62)
at org.testng.internal.ConfigInvoker.invokeConfigurationMethod(ConfigInvoker.java:385)
at org.testng.internal.ConfigInvoker.invokeConfigurations(ConfigInvoker.java:321)
at org.testng.SuiteRunner.privateRun(SuiteRunner.java:317)
at org.testng.SuiteRunner.run(SuiteRunner.java:276)
at org.testng.SuiteRunnerWorker.runSuite(SuiteRunnerWorker.java:53)
at org.testng.SuiteRunnerWorker.run(SuiteRunnerWorker.java:96)
at org.testng.TestNG.runSuitesSequentially(TestNG.java:1212)
at org.testng.TestNG.runSuitesLocally(TestNG.java:1134)
at org.testng.TestNG.runSuites(TestNG.java:1063)
at org.testng.TestNG.run(TestNG.java:1031)
at org.testng.remote.AbstractRemoteTestNG.run(AbstractRemoteTestNG.java:115)
at org.testng.remote.RemoteTestNG.initAndRun(RemoteTestNG.java:251)
at org.testng.remote.RemoteTestNG.main(RemoteTestNG.java:77)
]]>
            </full-stacktrace>
          </exception> <!-- org.openqa.selenium.SessionNotCreatedException -->
          <reporter-output>
          </reporter-output>
        </test-method> <!-- dashboard -->
        <test-method is-config="true" signature="tearout()[pri:0, instance:com.guidejuniorLive.guideJuniorsTest.StudentLogin@550dbc7a]" started-at="2023-07-03T17:22:47 IST" name="tearout" finished-at="1970-01-01T05:30:00 IST" duration-ms="-1688385167986" status="SKIP">
          <reporter-output>
          </reporter-output>
        </test-method> <!-- tearout -->
      </class> <!-- com.guidejuniorLive.guideJuniorsTest.StudentLogin -->
    </test> <!-- Test -->
  </suite> <!-- Suite -->
</testng-results>
