<?xml version="1.0" encoding="UTF-8"?>
<!-- Generated by org.testng.reporters.JUnitXMLReporter -->
<testsuite ignored="0" hostname="XSC-10286" failures="0" tests="1" name="Test" time="0.052" errors="0" timestamp="2023-07-03T17:22:47 IST">
  <testcase classname="com.guidejuniorLive.guideJuniorsTest.BaseClass" name="@BeforeSuite setup" time="23.724">
    <failure type="org.openqa.selenium.SessionNotCreatedException" message="Could not start a new session. Response code 500. Message: An unknown server-side error occurred while processing the command. Original error: Could not find a connected Android device in 20093ms. 
Host info: host: &amp;apos;XSC-10286&amp;apos;, ip: &amp;apos;192.168.1.102&amp;apos;
Build info: version: &amp;apos;4.10.0&amp;apos;, revision: &amp;apos;c14d967899&amp;apos;
System info: os.name: &amp;apos;Windows 10&amp;apos;, os.arch: &amp;apos;amd64&amp;apos;, os.version: &amp;apos;10.0&amp;apos;, java.version: &amp;apos;17.0.7&amp;apos;
Driver info: io.appium.java_client.AppiumDriver
Command: [null, newSession {capabilities=[{appium:appActivity=com.guidejunior.ui.router.RouterActivity, appium:appPackage=com.guidejunior, appium:deviceName=D2502, platformName=ANDROID, appium:platformVersion=5.1.1, appium:udid=YT910XK7FL}], desiredCapabilities=Capabilities {appActivity: com.guidejunior.ui.router.R..., appPackage: com.guidejunior, deviceName: D2502, platformName: ANDROID, platformVersion: 5.1.1, udid: YT910XK7FL}}]
Capabilities {appActivity: com.guidejunior.ui.router.R..., appPackage: com.guidejunior, deviceName: D2502, platformName: ANDROID, platformVersion: 5.1.1, udid: YT910XK7FL}">
      <![CDATA[org.openqa.selenium.SessionNotCreatedException: Could not start a new session. Response code 500. Message: An unknown server-side error occurred while processing the command. Original error: Could not find a connected Android device in 20093ms. 
Host info: host: 'XSC-10286', ip: '192.168.1.102'
Build info: version: '4.10.0', revision: 'c14d967899'
System info: os.name: 'Windows 10', os.arch: 'amd64', os.version: '10.0', java.version: '17.0.7'
Driver info: io.appium.java_client.AppiumDriver
Command: [null, newSession {capabilities=[{appium:appActivity=com.guidejunior.ui.router.RouterActivity, appium:appPackage=com.guidejunior, appium:deviceName=D2502, platformName=ANDROID, appium:platformVersion=5.1.1, appium:udid=YT910XK7FL}], desiredCapabilities=Capabilities {appActivity: com.guidejunior.ui.router.R..., appPackage: com.guidejunior, deviceName: D2502, platformName: ANDROID, platformVersion: 5.1.1, udid: YT910XK7FL}}]
Capabilities {appActivity: com.guidejunior.ui.router.R..., appPackage: com.guidejunior, deviceName: D2502, platformName: ANDROID, platformVersion: 5.1.1, udid: YT910XK7FL}
at org.openqa.selenium.remote.ProtocolHandshake.createSession(ProtocolHandshake.java:140)
at io.appium.java_client.remote.AppiumProtocolHandshake.createSession(AppiumProtocolHandshake.java:133)
at io.appium.java_client.remote.AppiumProtocolHandshake.createSession(AppiumProtocolHandshake.java:102)
at io.appium.java_client.remote.AppiumCommandExecutor.createSession(AppiumCommandExecutor.java:182)
at io.appium.java_client.remote.AppiumCommandExecutor.execute(AppiumCommandExecutor.java:250)
at org.openqa.selenium.remote.RemoteWebDriver.execute(RemoteWebDriver.java:531)
at io.appium.java_client.AppiumDriver.startSession(AppiumDriver.java:274)
at org.openqa.selenium.remote.RemoteWebDriver.<init>(RemoteWebDriver.java:154)
at io.appium.java_client.AppiumDriver.<init>(AppiumDriver.java:89)
at io.appium.java_client.AppiumDriver.<init>(AppiumDriver.java:101)
at com.guidejuniorLive.guideJuniorsTest.BaseClass.setup(BaseClass.java:42)
... Removed 23 stack frames]]>
    </failure>
  </testcase> <!-- @BeforeSuite setup -->
  <testcase classname="com.guidejuniorLive.guideJuniorsTest.StudentLogin" name="dashboard" time="0.0">
    <skipped/>
  </testcase> <!-- dashboard -->
</testsuite> <!-- Test -->
