<?xml version="1.0" encoding="UTF-8"?>
<testng-results ignored="4" total="8" passed="4" failed="0" skipped="0">
  <reporter-output>
  </reporter-output>
  <suite started-at="2023-07-27T15:16:57 IST" name="Suite" finished-at="2023-07-27T15:16:57 IST" duration-ms="108">
    <groups>
      <group name="Sub module 21">
        <method signature="Metagroups.Submodule21()[pri:0, instance:com.testng.Metagroups@6a6afff2]" name="Submodule21" class="com.testng.Metagroups"/>
      </group> <!-- Sub module 21 -->
      <group name="Sub module 24">
        <method signature="Metagroups.Submodule24()[pri:0, instance:com.testng.Metagroups@6a6afff2]" name="Submodule24" class="com.testng.Metagroups"/>
      </group> <!-- Sub module 24 -->
      <group name="Sub module 22">
        <method signature="Metagroups.Submodule22()[pri:0, instance:com.testng.Metagroups@6a6afff2]" name="Submodule22" class="com.testng.Metagroups"/>
      </group> <!-- Sub module 22 -->
      <group name="Sub module 23">
        <method signature="Metagroups.Submodule23()[pri:0, instance:com.testng.Metagroups@6a6afff2]" name="Submodule23" class="com.testng.Metagroups"/>
      </group> <!-- Sub module 23 -->
    </groups>
    <test started-at="2023-07-27T15:16:57 IST" name="Test" finished-at="2023-07-27T15:16:57 IST" duration-ms="108">
      <class name="com.testng.Metagroups">
        <test-method signature="Submodule21()[pri:0, instance:com.testng.Metagroups@6a6afff2]" started-at="2023-07-27T15:16:57 IST" name="Submodule21" finished-at="2023-07-27T15:16:57 IST" duration-ms="13" status="PASS">
          <reporter-output>
          </reporter-output>
        </test-method> <!-- Submodule21 -->
        <test-method signature="Submodule22()[pri:0, instance:com.testng.Metagroups@6a6afff2]" started-at="2023-07-27T15:16:57 IST" name="Submodule22" finished-at="2023-07-27T15:16:57 IST" duration-ms="3" status="PASS">
          <reporter-output>
          </reporter-output>
        </test-method> <!-- Submodule22 -->
        <test-method signature="Submodule23()[pri:0, instance:com.testng.Metagroups@6a6afff2]" started-at="2023-07-27T15:16:57 IST" name="Submodule23" finished-at="2023-07-27T15:16:57 IST" duration-ms="5" status="PASS">
          <reporter-output>
          </reporter-output>
        </test-method> <!-- Submodule23 -->
        <test-method signature="Submodule24()[pri:0, instance:com.testng.Metagroups@6a6afff2]" started-at="2023-07-27T15:16:57 IST" name="Submodule24" finished-at="2023-07-27T15:16:57 IST" duration-ms="2" status="PASS">
          <reporter-output>
          </reporter-output>
        </test-method> <!-- Submodule24 -->
      </class> <!-- com.testng.Metagroups -->
    </test> <!-- Test -->
  </suite> <!-- Suite -->
</testng-results>
