<?xml version="1.0" encoding="UTF-8"?>
<testng-results ignored="0" total="1" passed="1" failed="0" skipped="0">
  <reporter-output>
  </reporter-output>
  <suite started-at="2023-07-05T16:41:09 IST" name="Default suite" finished-at="2023-07-05T16:41:09 IST" duration-ms="496">
    <groups>
    </groups>
    <test started-at="2023-07-05T16:41:09 IST" name="Default test" finished-at="2023-07-05T16:41:09 IST" duration-ms="496">
      <class name="com.Database_Testing.First_Database">
        <test-method is-config="true" signature="setup()[pri:0, instance:com.Database_Testing.First_Database@7ea9e1e2]" started-at="2023-07-05T16:41:08 IST" name="setup" finished-at="2023-07-05T16:41:09 IST" duration-ms="418" status="PASS">
          <reporter-output>
          </reporter-output>
        </test-method> <!-- setup -->
        <test-method signature="selectOrders()[pri:0, instance:com.Database_Testing.First_Database@7ea9e1e2]" started-at="2023-07-05T16:41:09 IST" name="selectOrders" finished-at="2023-07-05T16:41:09 IST" duration-ms="439" status="PASS">
          <reporter-output>
          </reporter-output>
        </test-method> <!-- selectOrders -->
        <test-method is-config="true" signature="tearDown()[pri:0, instance:com.Database_Testing.First_Database@7ea9e1e2]" started-at="2023-07-05T16:41:09 IST" name="tearDown" finished-at="2023-07-05T16:41:09 IST" duration-ms="21" status="PASS">
          <reporter-output>
          </reporter-output>
        </test-method> <!-- tearDown -->
      </class> <!-- com.Database_Testing.First_Database -->
    </test> <!-- Default test -->
  </suite> <!-- Default suite -->
</testng-results>
