<?xml version="1.0" encoding="UTF-8"?>
<!-- Generated by org.testng.reporters.JUnitXMLReporter -->
<testsuite ignored="0" hostname="XSC-10286" failures="0" tests="6" name="Default test" time="0.137" errors="0" timestamp="2023-06-16T18:04:07 IST">
  <testcase classname="com.seleniumBasicPractice.Grouping" name="groupA1" time="0.012"/>
  <testcase classname="com.seleniumBasicPractice.Grouping" name="groupA2" time="0.002"/>
  <testcase classname="com.seleniumBasicPractice.Grouping" name="groupB1" time="0.001"/>
  <testcase classname="com.seleniumBasicPractice.Grouping" name="groupB2" time="0.006"/>
  <testcase classname="com.seleniumBasicPractice.Grouping" name="groupC1" time="0.005"/>
  <testcase classname="com.seleniumBasicPractice.Grouping" name="groupC2" time="0.003"/>
</testsuite> <!-- Default test -->
