<?xml version="1.0" encoding="UTF-8"?>
<testng-results ignored="0" total="1" passed="1" failed="0" skipped="0">
  <reporter-output>
  </reporter-output>
  <suite started-at="2023-07-03T16:27:10 IST" name="Suite" finished-at="2023-07-03T16:27:33 IST" duration-ms="22989">
    <groups>
    </groups>
    <test started-at="2023-07-03T16:27:10 IST" name="Test" finished-at="2023-07-03T16:27:33 IST" duration-ms="22989">
      <class name="teacherLoginpage.Login">
        <test-method is-config="true" signature="setup()[pri:0, instance:teacherLoginpage.Login@3ee37e5a]" started-at="2023-07-03T16:27:10 IST" name="setup" finished-at="2023-07-03T16:27:29 IST" duration-ms="18967" status="PASS">
          <reporter-output>
          </reporter-output>
        </test-method> <!-- setup -->
        <test-method signature="login()[pri:0, instance:teacherLoginpage.Login@3ee37e5a]" started-at="2023-07-03T16:27:29 IST" name="login" finished-at="2023-07-03T16:27:33 IST" duration-ms="3300" status="PASS">
          <reporter-output>
          </reporter-output>
        </test-method> <!-- login -->
        <test-method is-config="true" signature="teardown()[pri:0, instance:teacherLoginpage.Login@3ee37e5a]" started-at="2023-07-03T16:27:33 IST" name="teardown" finished-at="2023-07-03T16:27:33 IST" duration-ms="661" status="PASS">
          <reporter-output>
          </reporter-output>
        </test-method> <!-- teardown -->
      </class> <!-- teacherLoginpage.Login -->
    </test> <!-- Test -->
  </suite> <!-- Suite -->
</testng-results>
