<?xml version="1.0" encoding="UTF-8"?>
<!-- Generated by org.testng.reporters.JUnitXMLReporter -->
<testsuite ignored="3" hostname="XSC-10286" failures="0" tests="1" name="Default test" time="32.099" errors="0" timestamp="2023-06-27T10:23:45 IST">
  <testcase classname="com.intel.StudentIntel" name="Student" time="10.366"/>
  <testcase classname="com.intel.StudentIntel" name="examresult" time="0.0">
    <ignored/>
  </testcase> <!-- examresult -->
  <testcase classname="com.intel.StudentIntel" name="studentttendance" time="0.0">
    <ignored/>
  </testcase> <!-- studentttendance -->
  <testcase classname="com.intel.StudentIntel" name="studentinfo" time="0.0">
    <ignored/>
  </testcase> <!-- studentinfo -->
</testsuite> <!-- Default test -->
