<?xml version="1.0" encoding="UTF-8"?>
<!-- Generated by org.testng.reporters.JUnitXMLReporter -->
<testsuite ignored="4" hostname="XSC-10286" failures="0" tests="4" name="Test" time="0.108" errors="0" timestamp="2023-07-27T15:16:57 IST">
  <testcase classname="com.testng.Metagroups" name="Submodule21" time="0.013"/>
  <testcase classname="com.testng.Metagroups" name="Submodule22" time="0.003"/>
  <testcase classname="com.testng.Metagroups" name="Submodule23" time="0.005"/>
  <testcase classname="com.testng.Metagroups" name="Submodule24" time="0.002"/>
  <testcase classname="com.testng.Metagroups" name="Submodule11" time="0.0">
    <ignored/>
  </testcase> <!-- Submodule11 -->
  <testcase classname="com.testng.Metagroups" name="Submodule13" time="0.0">
    <ignored/>
  </testcase> <!-- Submodule13 -->
  <testcase classname="com.testng.Metagroups" name="Submodule12" time="0.0">
    <ignored/>
  </testcase> <!-- Submodule12 -->
  <testcase classname="com.testng.Metagroups" name="Submodule14" time="0.0">
    <ignored/>
  </testcase> <!-- Submodule14 -->
</testsuite> <!-- Test -->
