<?xml version="1.0" encoding="UTF-8"?>
<!-- Generated by org.testng.reporters.JUnitXMLReporter -->
<testsuite ignored="2" hostname="XSC-10286" failures="0" tests="1" name="Test1" time="27.791" errors="0" timestamp="2023-06-27T17:59:40 IST">
  <testcase classname="testScreenShot.DependencyInjection" name="TestGoogle" time="9.012"/>
  <testcase classname="testScreenShot.DependencyInjection" name="TestOrangeHRM" time="0.0">
    <ignored/>
  </testcase> <!-- TestOrangeHRM -->
  <testcase classname="testScreenShot.DependencyInjection" name="TestFacebook" time="0.0">
    <ignored/>
  </testcase> <!-- TestFacebook -->
</testsuite> <!-- Test1 -->
