<?xml version="1.0" encoding="UTF-8"?>
<!-- Generated by org.testng.reporters.JUnitXMLReporter -->
<testsuite ignored="2" hostname="XSC-10286" failures="0" tests="1" name="Test3" time="12.831" errors="0" timestamp="2023-06-27T18:00:06 IST">
  <testcase classname="testScreenShot.DependencyInjection" name="TestOrangeHRM" time="11.065"/>
  <testcase classname="testScreenShot.DependencyInjection" name="TestGoogle" time="0.0">
    <ignored/>
  </testcase> <!-- TestGoogle -->
  <testcase classname="testScreenShot.DependencyInjection" name="TestFacebook" time="0.0">
    <ignored/>
  </testcase> <!-- TestFacebook -->
</testsuite> <!-- Test3 -->
